TN:
SF:client/src/js/database.js
FN:8,getInfo
FN:18,getHighline
FN:26,getRequest
FN:34,getMessage
FN:42,getCurrentUserProfile
FN:50,getPostCards
FNF:6
FNH:6
FNDA:10,getInfo
FNDA:2,getHighline
FNDA:2,getRequest
FNDA:2,getMessage
FNDA:2,getCurrentUserProfile
FNDA:2,getPostCards
DA:1,1
DA:2,1
DA:3,1
DA:4,1
DA:5,1
DA:6,1
DA:7,1
DA:8,1
DA:9,10
DA:10,10
DA:11,10
DA:12,10
DA:13,0
DA:14,0
DA:15,10
DA:16,1
DA:17,1
DA:18,1
DA:19,2
DA:20,2
DA:21,2
DA:22,2
DA:23,1
DA:24,1
DA:25,1
DA:26,1
DA:27,2
DA:28,2
DA:29,2
DA:30,2
DA:31,1
DA:32,1
DA:33,1
DA:34,1
DA:35,2
DA:36,2
DA:37,2
DA:38,2
DA:39,1
DA:40,1
DA:41,1
DA:42,1
DA:43,2
DA:44,2
DA:45,2
DA:46,2
DA:47,1
DA:48,1
DA:49,1
DA:50,1
DA:51,2
DA:52,2
DA:53,2
DA:54,2
DA:55,1
DA:56,1
DA:57,1
LF:57
LH:55
BRDA:8,0,0,10
BRDA:12,1,0,0
BRDA:18,2,0,2
BRDA:26,3,0,2
BRDA:34,4,0,2
BRDA:42,5,0,2
BRDA:50,6,0,2
BRF:7
BRH:6
end_of_record
TN:
SF:client/src/js/utils.js
FN:5,getPath
FN:13,getWebsiteRunningMode
FN:19,getHttpProtocol
FN:30,getAllAttributes
FNF:4
FNH:3
FNDA:15,getPath
FNDA:30,getWebsiteRunningMode
FNDA:15,getHttpProtocol
FNDA:0,getAllAttributes
DA:1,1
DA:2,1
DA:3,1
DA:4,1
DA:5,1
DA:6,15
DA:7,15
DA:8,15
DA:9,15
DA:10,15
DA:11,1
DA:12,1
DA:13,1
DA:14,30
DA:15,30
DA:16,30
DA:17,1
DA:18,1
DA:19,1
DA:20,15
DA:21,0
DA:22,15
DA:23,0
DA:24,15
DA:25,15
DA:26,15
DA:27,15
DA:28,1
DA:29,1
DA:30,1
DA:31,0
DA:32,0
DA:33,0
DA:34,0
DA:35,0
DA:36,0
DA:37,0
DA:38,0
DA:39,0
DA:40,1
DA:41,1
LF:41
LH:30
BRDA:5,0,0,15
BRDA:13,1,0,30
BRDA:19,2,0,15
BRDA:20,3,0,0
BRDA:22,4,0,0
BRF:5
BRH:3
end_of_record
