TN:
SF:client/src/js/database.js
FN:8,getInfo
FN:18,getHighline
FN:26,getRequest
FN:34,getMessage
FN:42,getCurrentUserProfile
FN:50,getPostCards
FNF:6
FNH:6
FNDA:6,getInfo
FNDA:2,getHighline
FNDA:1,getRequest
FNDA:1,getMessage
FNDA:1,getCurrentUserProfile
FNDA:1,getPostCards
DA:1,1
DA:2,1
DA:3,1
DA:4,1
DA:5,1
DA:6,1
DA:7,1
DA:8,1
DA:9,6
DA:10,6
DA:11,1
DA:12,6
DA:13,5
DA:14,5
DA:15,6
DA:16,1
DA:17,1
DA:18,1
DA:19,2
DA:20,2
DA:21,2
DA:22,2
DA:23,1
DA:24,1
DA:25,1
DA:26,1
DA:27,1
DA:28,1
DA:29,1
DA:30,1
DA:31,1
DA:32,1
DA:33,1
DA:34,1
DA:35,1
DA:36,1
DA:37,1
DA:38,1
DA:39,1
DA:40,1
DA:41,1
DA:42,1
DA:43,1
DA:44,1
DA:45,1
DA:46,1
DA:47,1
DA:48,1
DA:49,1
DA:50,1
DA:51,1
DA:52,1
DA:53,1
DA:54,1
DA:55,1
DA:56,1
DA:57,1
LF:57
LH:57
BRDA:8,0,0,6
BRDA:11,1,0,1
BRDA:12,2,0,5
BRDA:18,3,0,2
BRDA:26,4,0,1
BRDA:34,5,0,1
BRDA:42,6,0,1
BRDA:50,7,0,1
BRF:8
BRH:8
end_of_record
TN:
SF:client/src/js/utils.js
FN:5,getPath
FN:20,getWebsiteRunningMode
FN:26,getHttpProtocol
FN:37,getAllAttributes
FNF:4
FNH:3
FNDA:7,getPath
FNDA:14,getWebsiteRunningMode
FNDA:7,getHttpProtocol
FNDA:0,getAllAttributes
DA:1,1
DA:2,1
DA:3,1
DA:4,1
DA:5,1
DA:6,7
DA:7,7
DA:8,7
DA:9,7
DA:10,7
DA:11,7
DA:12,7
DA:13,7
DA:14,7
DA:15,7
DA:16,7
DA:17,7
DA:18,1
DA:19,1
DA:20,1
DA:21,14
DA:22,14
DA:23,14
DA:24,1
DA:25,1
DA:26,1
DA:27,7
DA:28,0
DA:29,7
DA:30,7
DA:31,7
DA:32,0
DA:33,0
DA:34,7
DA:35,1
DA:36,1
DA:37,1
DA:38,0
DA:39,0
DA:40,0
DA:41,0
DA:42,0
DA:43,0
DA:44,0
DA:45,0
DA:46,0
DA:47,1
DA:48,1
LF:48
LH:36
BRDA:5,0,0,7
BRDA:20,1,0,14
BRDA:26,2,0,7
BRDA:27,3,0,0
BRDA:31,4,0,0
BRF:5
BRH:3
end_of_record
